[debug] [2025-02-02T06:32:15.680Z] ----------------------------------------------------------------------
[debug] [2025-02-02T06:32:15.683Z] Command:       C:\Program Files\nodejs\node.exe C:\Users\dheen\AppData\Roaming\npm\node_modules\firebase-tools\lib\bin\firebase.js init
[debug] [2025-02-02T06:32:15.683Z] CLI Version:   13.29.3
[debug] [2025-02-02T06:32:15.683Z] Platform:      win32
[debug] [2025-02-02T06:32:15.684Z] Node Version:  v20.12.2
[debug] [2025-02-02T06:32:15.684Z] Time:          Sun Feb 02 2025 12:02:15 GMT+0530 (India Standard Time)
[debug] [2025-02-02T06:32:15.684Z] ----------------------------------------------------------------------
[debug] 
[debug] [2025-02-02T06:32:15.691Z] > command requires scopes: ["email","openid","https://www.googleapis.com/auth/cloudplatformprojects.readonly","https://www.googleapis.com/auth/firebase","https://www.googleapis.com/auth/cloud-platform"]
[debug] [2025-02-02T06:32:15.692Z] > authorizing via signed-in user (dheenasus@gmail.com)
[info] 
     ######## #### ########  ######## ########     ###     ######  ########
     ##        ##  ##     ## ##       ##     ##  ##   ##  ##       ##
     ######    ##  ########  ######   ########  #########  ######  ######
     ##        ##  ##    ##  ##       ##     ## ##     ##       ## ##
     ##       #### ##     ## ######## ########  ##     ##  ######  ########

You're about to initialize a Firebase project in this directory:

  C:\Users\dheen\Desktop\CRGEL\CRGEL_Backend

[info] 
=== Account Setup
[info] 
[info] Which account do you want to use for this project? Choose an account or add a new one now
[info] 
[debug] [2025-02-02T06:32:23.337Z] setProjectAccount(C:\Users\dheen\Desktop\CRGEL\CRGEL_Backend, dheenasus@gmail.com)
[info] 
[info] +  Using account: dheenasus@gmail.com 
[info] 
=== Project Setup
[info] 
[info] First, let's associate this project directory with a Firebase project.
[info] You can create multiple project aliases by running firebase use --add, 
[info] but for now we'll just set up a default project.
[info] 
[info] i  If you want to create a project in a Google Cloud organization or folder, please use "firebase projects:create" instead, and return to this command when you've created the project. 
[debug] [2025-02-02T06:32:59.333Z] Checked if tokens are valid: false, expires at: 1713954887269
[debug] [2025-02-02T06:32:59.333Z] Checked if tokens are valid: false, expires at: 1713954887269
[debug] [2025-02-02T06:32:59.333Z] > refreshing access token with scopes: []
[debug] [2025-02-02T06:32:59.335Z] >>> [apiv2][query] POST https://www.googleapis.com/oauth2/v3/token [none]
[debug] [2025-02-02T06:32:59.335Z] >>> [apiv2][body] POST https://www.googleapis.com/oauth2/v3/token [omitted]
[debug] [2025-02-02T06:32:59.830Z] <<< [apiv2][status] POST https://www.googleapis.com/oauth2/v3/token 400
[debug] [2025-02-02T06:32:59.831Z] <<< [apiv2][body] POST https://www.googleapis.com/oauth2/v3/token [omitted]
[debug] [2025-02-02T06:32:59.831Z] >>> [apiv2][query] POST https://cloudresourcemanager.googleapis.com/v1/projects [none]
[debug] [2025-02-02T06:32:59.831Z] >>> [apiv2][body] POST https://cloudresourcemanager.googleapis.com/v1/projects {"projectId":"crgellp","name":"crgellp"}
[debug] [2025-02-02T06:33:01.534Z] <<< [apiv2][status] POST https://cloudresourcemanager.googleapis.com/v1/projects 401
[debug] [2025-02-02T06:33:01.534Z] <<< [apiv2][body] POST https://cloudresourcemanager.googleapis.com/v1/projects {"error":{"code":401,"message":"Request had invalid authentication credentials. Expected OAuth 2 access token, login cookie or other valid authentication credential. See https://developers.google.com/identity/sign-in/web/devconsole-project.","status":"UNAUTHENTICATED","details":[{"@type":"type.googleapis.com/google.rpc.ErrorInfo","reason":"ACCESS_TOKEN_TYPE_UNSUPPORTED","metadata":{"method":"google.cloudresourcemanager.v1.Projects.CreateProject","service":"cloudresourcemanager.googleapis.com"}}]}}
[debug] [2025-02-02T06:33:01.535Z] Got a 401 Unauthenticated error for a call that required authentication. Refreshing tokens.
[debug] [2025-02-02T06:33:01.535Z] Checked if tokens are valid: false, expires at: 1713954887269
[debug] [2025-02-02T06:33:01.535Z] Checked if tokens are valid: false, expires at: 1713954887269
[debug] [2025-02-02T06:33:01.535Z] > refreshing access token with scopes: []
[debug] [2025-02-02T06:33:01.536Z] >>> [apiv2][query] POST https://www.googleapis.com/oauth2/v3/token [none]
[debug] [2025-02-02T06:33:01.536Z] >>> [apiv2][body] POST https://www.googleapis.com/oauth2/v3/token [omitted]
[debug] [2025-02-02T06:33:02.141Z] <<< [apiv2][status] POST https://www.googleapis.com/oauth2/v3/token 400
[debug] [2025-02-02T06:33:02.141Z] <<< [apiv2][body] POST https://www.googleapis.com/oauth2/v3/token [omitted]
[debug] [2025-02-02T06:33:02.981Z] FirebaseError: Request to https://cloudresourcemanager.googleapis.com/v1/projects had HTTP Error: 401, Request had invalid authentication credentials. Expected OAuth 2 access token, login cookie or other valid authentication credential. See https://developers.google.com/identity/sign-in/web/devconsole-project.
    at responseToError (C:\Users\dheen\AppData\Roaming\npm\node_modules\firebase-tools\lib\responseToError.js:52:12)
    at RetryOperation._fn (C:\Users\dheen\AppData\Roaming\npm\node_modules\firebase-tools\lib\apiv2.js:312:77)
    at process.processTicksAndRejections (node:internal/process/task_queues:95:5)
[error] 
[error] Error: Failed to create project. See firebase-debug.log for more info.
